<?xml version="1.0" encoding="UTF-8"?>
<testsuite name="helloworld.AppTest" tests="1" skipped="0" failures="0" errors="0" timestamp="2022-04-16T14:20:38" hostname="DESKTOP-P8RV6BD" time="0.038">
  <properties/>
  <testcase name="successfulResponse" classname="helloworld.AppTest" time="0.038"/>
  <system-out><![CDATA[]]></system-out>
  <system-err><![CDATA[]]></system-err>
</testsuite>
